<?xml version="1.0" encoding="UTF-8"?>
<!-- Generated by org.testng.reporters.JUnitReportReporter -->
<testsuite hostname="Admins-MacBook-Pro.local" failures="0" tests="1" name="Demo_Maven.Demo_Maven" time="92.081" errors="0" timestamp="20 Jan 2021 09:09:06 GMT" skipped="0">
  <testcase classname="Demo_Maven.Demo_Maven" name="method1" time="92.081"/>
</testsuite> <!-- Demo_Maven.Demo_Maven -->
